Flow report for Transmit_distance_meter
Mon Jun 08 10:36:28 2020
Quartus II 64-Bit Version 13.0.1 Build 232 06/12/2013 Service Pack 1 SJ Web Edition


---------------------
; Table of Contents ;
---------------------
  1. Legal Notice
  2. Flow Summary
  3. Flow Settings
  4. Flow Non-Default Global Settings
  5. Flow Elapsed Time
  6. Flow OS Summary
  7. Flow Log
  8. Flow Messages
  9. Flow Suppressed Messages



----------------
; Legal Notice ;
----------------
Copyright (C) 1991-2013 Altera Corporation
Your use of Altera Corporation's design tools, logic functions 
and other software and tools, and its AMPP partner logic 
functions, and any output files from any of the foregoing 
(including device programming or simulation files), and any 
associated documentation or information are expressly subject 
to the terms and conditions of the Altera Program License 
Subscription Agreement, Altera MegaCore Function License 
Agreement, or other applicable license agreement, including, 
without limitation, that your use is for the sole purpose of 
programming logic devices manufactured by Altera and sold by 
Altera or its authorized distributors.  Please refer to the 
applicable agreement for further details.



+--------------------------------------------------------------------------------------+
; Flow Summary                                                                         ;
+------------------------------------+-------------------------------------------------+
; Flow Status                        ; Successful - Mon Jun 08 10:36:28 2020           ;
; Quartus II 64-Bit Version          ; 13.0.1 Build 232 06/12/2013 SP 1 SJ Web Edition ;
; Revision Name                      ; Transmit_distance_meter                         ;
; Top-level Entity Name              ; Transmit_distance_meter                         ;
; Family                             ; Cyclone II                                      ;
; Device                             ; EP2C20F484C7                                    ;
; Timing Models                      ; Final                                           ;
; Total logic elements               ; 4,989 / 18,752 ( 27 % )                         ;
;     Total combinational functions  ; 4,627 / 18,752 ( 25 % )                         ;
;     Dedicated logic registers      ; 917 / 18,752 ( 5 % )                            ;
; Total registers                    ; 917                                             ;
; Total pins                         ; 27 / 315 ( 9 % )                                ;
; Total virtual pins                 ; 0                                               ;
; Total memory bits                  ; 212,992 / 239,616 ( 89 % )                      ;
; Embedded Multiplier 9-bit elements ; 4 / 52 ( 8 % )                                  ;
; Total PLLs                         ; 0 / 4 ( 0 % )                                   ;
+------------------------------------+-------------------------------------------------+


+---------------------------------------------+
; Flow Settings                               ;
+-------------------+-------------------------+
; Option            ; Setting                 ;
+-------------------+-------------------------+
; Start date & time ; 06/08/2020 10:35:21     ;
; Main task         ; Compilation             ;
; Revision Name     ; Transmit_distance_meter ;
+-------------------+-------------------------+


+---------------------------------------------------------------------------------------------------------------------------------------------------------------------------------------------+
; Flow Non-Default Global Settings                                                                                                                                                            ;
+--------------------------------------+-------------------------------------------------------------------------------------------+---------------+-------------+----------------------------+
; Assignment Name                      ; Value                                                                                     ; Default Value ; Entity Name ; Section Id                 ;
+--------------------------------------+-------------------------------------------------------------------------------------------+---------------+-------------+----------------------------+
; COMPILER_SIGNATURE_ID                ; 180331615639575.159160172011636                                                           ; --            ; --          ; --                         ;
; EDA_DESIGN_INSTANCE_NAME             ; NA                                                                                        ; --            ; --          ; uart_tb                    ;
; EDA_DESIGN_INSTANCE_NAME             ; NA                                                                                        ; --            ; --          ; Transmit_distance_meter_tb ;
; EDA_DESIGN_INSTANCE_NAME             ; NA                                                                                        ; --            ; --          ; logic_tb                   ;
; EDA_NATIVELINK_SIMULATION_TEST_BENCH ; logic_tb                                                                                  ; --            ; --          ; eda_simulation             ;
; EDA_OUTPUT_DATA_FORMAT               ; Vhdl                                                                                      ; --            ; --          ; eda_simulation             ;
; EDA_SIMULATION_TOOL                  ; ModelSim-Altera (VHDL)                                                                    ; <None>        ; --          ; --                         ;
; EDA_TEST_BENCH_ENABLE_STATUS         ; TEST_BENCH_MODE                                                                           ; --            ; --          ; eda_simulation             ;
; EDA_TEST_BENCH_FILE                  ; uart_tb.vhd                                                                               ; --            ; --          ; uart_tb                    ;
; EDA_TEST_BENCH_FILE                  ; Transmit_distance_meter_tb.vhd                                                            ; --            ; --          ; Transmit_distance_meter_tb ;
; EDA_TEST_BENCH_FILE                  ; logic_tb.vhd                                                                              ; --            ; --          ; logic_tb                   ;
; EDA_TEST_BENCH_MODULE_NAME           ; uart_tb                                                                                   ; --            ; --          ; uart_tb                    ;
; EDA_TEST_BENCH_MODULE_NAME           ; Transmit_distance_meter_tb                                                                ; --            ; --          ; Transmit_distance_meter_tb ;
; EDA_TEST_BENCH_MODULE_NAME           ; logic_tb                                                                                  ; --            ; --          ; logic_tb                   ;
; EDA_TEST_BENCH_NAME                  ; uart_tb                                                                                   ; --            ; --          ; eda_simulation             ;
; EDA_TEST_BENCH_NAME                  ; Transmit_distance_meter_tb                                                                ; --            ; --          ; eda_simulation             ;
; EDA_TEST_BENCH_NAME                  ; logic_tb                                                                                  ; --            ; --          ; eda_simulation             ;
; ENABLE_SIGNALTAP                     ; On                                                                                        ; --            ; --          ; --                         ;
; MAX_CORE_JUNCTION_TEMP               ; 85                                                                                        ; --            ; --          ; --                         ;
; MIN_CORE_JUNCTION_TEMP               ; 0                                                                                         ; --            ; --          ; --                         ;
; PARTITION_COLOR                      ; 16764057                                                                                  ; --            ; --          ; Top                        ;
; PARTITION_FITTER_PRESERVATION_LEVEL  ; PLACEMENT_AND_ROUTING                                                                     ; --            ; --          ; Top                        ;
; PARTITION_NETLIST_TYPE               ; SOURCE                                                                                    ; --            ; --          ; Top                        ;
; POWER_BOARD_THERMAL_MODEL            ; None (CONSERVATIVE)                                                                       ; --            ; --          ; --                         ;
; POWER_PRESET_COOLING_SOLUTION        ; 23 MM HEAT SINK WITH 200 LFPM AIRFLOW                                                     ; --            ; --          ; --                         ;
; PROJECT_OUTPUT_DIRECTORY             ; output_files                                                                              ; --            ; --          ; --                         ;
; SLD_FILE                             ; C:/altera/13.0sp1/final project/Transmit_distance_meter_auto_stripped.stp                 ; --            ; --          ; --                         ;
; SLD_NODE_CREATOR_ID                  ; 110                                                                                       ; --            ; --          ; auto_signaltap_0           ;
; SLD_NODE_ENTITY_NAME                 ; sld_signaltap                                                                             ; --            ; --          ; auto_signaltap_0           ;
; SLD_NODE_PARAMETER_ASSIGNMENT        ; SLD_DATA_BITS=26                                                                          ; --            ; --          ; auto_signaltap_0           ;
; SLD_NODE_PARAMETER_ASSIGNMENT        ; SLD_TRIGGER_BITS=26                                                                       ; --            ; --          ; auto_signaltap_0           ;
; SLD_NODE_PARAMETER_ASSIGNMENT        ; SLD_NODE_INFO=805334528                                                                   ; --            ; --          ; auto_signaltap_0           ;
; SLD_NODE_PARAMETER_ASSIGNMENT        ; SLD_POWER_UP_TRIGGER=0                                                                    ; --            ; --          ; auto_signaltap_0           ;
; SLD_NODE_PARAMETER_ASSIGNMENT        ; SLD_STORAGE_QUALIFIER_INVERSION_MASK_LENGTH=0                                             ; --            ; --          ; auto_signaltap_0           ;
; SLD_NODE_PARAMETER_ASSIGNMENT        ; SLD_ATTRIBUTE_MEM_MODE=OFF                                                                ; --            ; --          ; auto_signaltap_0           ;
; SLD_NODE_PARAMETER_ASSIGNMENT        ; SLD_STATE_FLOW_USE_GENERATED=0                                                            ; --            ; --          ; auto_signaltap_0           ;
; SLD_NODE_PARAMETER_ASSIGNMENT        ; SLD_STATE_BITS=11                                                                         ; --            ; --          ; auto_signaltap_0           ;
; SLD_NODE_PARAMETER_ASSIGNMENT        ; SLD_BUFFER_FULL_STOP=1                                                                    ; --            ; --          ; auto_signaltap_0           ;
; SLD_NODE_PARAMETER_ASSIGNMENT        ; SLD_CURRENT_RESOURCE_WIDTH=1                                                              ; --            ; --          ; auto_signaltap_0           ;
; SLD_NODE_PARAMETER_ASSIGNMENT        ; SLD_NODE_CRC_LOWORD=48553                                                                 ; --            ; --          ; auto_signaltap_0           ;
; SLD_NODE_PARAMETER_ASSIGNMENT        ; SLD_TRIGGER_LEVEL=1                                                                       ; --            ; --          ; auto_signaltap_0           ;
; SLD_NODE_PARAMETER_ASSIGNMENT        ; SLD_TRIGGER_IN_ENABLED=0                                                                  ; --            ; --          ; auto_signaltap_0           ;
; SLD_NODE_PARAMETER_ASSIGNMENT        ; SLD_TRIGGER_LEVEL_PIPELINE=1                                                              ; --            ; --          ; auto_signaltap_0           ;
; SLD_NODE_PARAMETER_ASSIGNMENT        ; SLD_ADVANCED_TRIGGER_ENTITY=sld_reserved_Transmit_distance_meter_auto_signaltap_0_1_2799, ; --            ; --          ; auto_signaltap_0           ;
; SLD_NODE_PARAMETER_ASSIGNMENT        ; SLD_ENABLE_ADVANCED_TRIGGER=1                                                             ; --            ; --          ; auto_signaltap_0           ;
; SLD_NODE_PARAMETER_ASSIGNMENT        ; SLD_INVERSION_MASK=000000000000000000000000000                                            ; --            ; --          ; auto_signaltap_0           ;
; SLD_NODE_PARAMETER_ASSIGNMENT        ; SLD_INVERSION_MASK_LENGTH=27                                                              ; --            ; --          ; auto_signaltap_0           ;
; SLD_NODE_PARAMETER_ASSIGNMENT        ; SLD_SEGMENT_SIZE=8192                                                                     ; --            ; --          ; auto_signaltap_0           ;
; SLD_NODE_PARAMETER_ASSIGNMENT        ; SLD_NODE_CRC_HIWORD=47013                                                                 ; --            ; --          ; auto_signaltap_0           ;
; SLD_NODE_PARAMETER_ASSIGNMENT        ; SLD_SAMPLE_DEPTH=8192                                                                     ; --            ; --          ; auto_signaltap_0           ;
; USE_SIGNALTAP_FILE                   ; Transmit_distance_meter.stp                                                               ; --            ; --          ; --                         ;
+--------------------------------------+-------------------------------------------------------------------------------------------+---------------+-------------+----------------------------+


+-------------------------------------------------------------------------------------------------------------------------------+
; Flow Elapsed Time                                                                                                             ;
+---------------------------+--------------+-------------------------+---------------------+------------------------------------+
; Module Name               ; Elapsed Time ; Average Processors Used ; Peak Virtual Memory ; Total CPU Time (on all processors) ;
+---------------------------+--------------+-------------------------+---------------------+------------------------------------+
; Analysis & Synthesis      ; 00:00:32     ; 1.0                     ; 4784 MB             ; 00:00:29                           ;
; Fitter                    ; 00:00:20     ; 1.3                     ; 5030 MB             ; 00:00:23                           ;
; Assembler                 ; 00:00:02     ; 1.0                     ; 4591 MB             ; 00:00:02                           ;
; TimeQuest Timing Analyzer ; 00:00:03     ; 1.0                     ; 4634 MB             ; 00:00:02                           ;
; EDA Netlist Writer        ; 00:00:04     ; 1.0                     ; 4584 MB             ; 00:00:04                           ;
; Total                     ; 00:01:01     ; --                      ; --                  ; 00:01:00                           ;
+---------------------------+--------------+-------------------------+---------------------+------------------------------------+


+----------------------------------------------------------------------------------------+
; Flow OS Summary                                                                        ;
+---------------------------+------------------+-----------+------------+----------------+
; Module Name               ; Machine Hostname ; OS Name   ; OS Version ; Processor type ;
+---------------------------+------------------+-----------+------------+----------------+
; Analysis & Synthesis      ; DESKTOP-LB9BKKL  ; Windows 7 ; 6.2        ; x86_64         ;
; Fitter                    ; DESKTOP-LB9BKKL  ; Windows 7 ; 6.2        ; x86_64         ;
; Assembler                 ; DESKTOP-LB9BKKL  ; Windows 7 ; 6.2        ; x86_64         ;
; TimeQuest Timing Analyzer ; DESKTOP-LB9BKKL  ; Windows 7 ; 6.2        ; x86_64         ;
; EDA Netlist Writer        ; DESKTOP-LB9BKKL  ; Windows 7 ; 6.2        ; x86_64         ;
+---------------------------+------------------+-----------+------------+----------------+


------------
; Flow Log ;
------------
quartus_map --read_settings_files=on --write_settings_files=off Transmit_distance_meter -c Transmit_distance_meter
quartus_fit --read_settings_files=off --write_settings_files=off Transmit_distance_meter -c Transmit_distance_meter
quartus_asm --read_settings_files=off --write_settings_files=off Transmit_distance_meter -c Transmit_distance_meter
quartus_sta Transmit_distance_meter -c Transmit_distance_meter
quartus_eda --read_settings_files=off --write_settings_files=off Transmit_distance_meter -c Transmit_distance_meter



